# JRE version: Java(TM) SE Runtime Environment (8.0_161-b12) (build 1.8.0_161-b12)
# Java VM: Java HotSpot(TM) 64-Bit Server VM (25.161-b12 mixed mode bsd-amd64 compressed oops)
Heap:
 PSYoungGen      total 270848K, used 197049K [0x000000076ab00000, 0x000000078c780000, 0x00000007c0000000)
  eden space 246784K, 79% used [0x000000076ab00000,0x0000000776b6e790,0x0000000779c00000)
  from space 24064K, 0% used [0x0000000779c00000,0x0000000779c00000,0x000000077b380000)
  to   space 41472K, 0% used [0x0000000789f00000,0x0000000789f00000,0x000000078c780000)
 ParOldGen       total 146432K, used 48245K [0x00000006c0000000, 0x00000006c8f00000, 0x000000076ab00000)
  object space 146432K, 32% used [0x00000006c0000000,0x00000006c2f1d7a0,0x00000006c8f00000)
 Metaspace       used 27495K, capacity 28656K, committed 28928K, reserved 1075200K
  class space    used 3481K, capacity 3764K, committed 3840K, reserved 1048576K
GC Heap History (10 events):
Event: 3.047 GC heap before
{Heap before GC invocations=5 (full 0):
 PSYoungGen      total 141824K, used 86458K [0x000000076ab00000, 0x0000000774000000, 0x00000007c0000000)
  eden space 131072K, 61% used [0x000000076ab00000,0x000000076f9444c0,0x0000000772b00000)
  from space 10752K, 58% used [0x0000000773580000,0x0000000773baa728,0x0000000774000000)
  to   space 10752K, 0% used [0x0000000772b00000,0x0000000772b00000,0x0000000773580000)
 ParOldGen       total 175104K, used 40K [0x00000006c0000000, 0x00000006cab00000, 0x000000076ab00000)
  object space 175104K, 0% used [0x00000006c0000000,0x00000006c000a000,0x00000006cab00000)
 Metaspace       used 20348K, capacity 21074K, committed 21248K, reserved 1067008K
  class space    used 2761K, capacity 2955K, committed 3072K, reserved 1048576K
Event: 3.052 GC heap after
Heap after GC invocations=5 (full 0):
 PSYoungGen      total 141824K, used 8387K [0x000000076ab00000, 0x000000077bc00000, 0x00000007c0000000)
  eden space 131072K, 0% used [0x000000076ab00000,0x000000076ab00000,0x0000000772b00000)
  from space 10752K, 78% used [0x0000000772b00000,0x0000000773330e28,0x0000000773580000)
  to   space 8704K, 0% used [0x000000077b380000,0x000000077b380000,0x000000077bc00000)
 ParOldGen       total 175104K, used 48K [0x00000006c0000000, 0x00000006cab00000, 0x000000076ab00000)
  object space 175104K, 0% used [0x00000006c0000000,0x00000006c000c000,0x00000006cab00000)
 Metaspace       used 20348K, capacity 21074K, committed 21248K, reserved 1067008K
  class space    used 2761K, capacity 2955K, committed 3072K, reserved 1048576K
}
Event: 3.052 GC heap before
{Heap before GC invocations=6 (full 1):
 PSYoungGen      total 141824K, used 8387K [0x000000076ab00000, 0x000000077bc00000, 0x00000007c0000000)
  eden space 131072K, 0% used [0x000000076ab00000,0x000000076ab00000,0x0000000772b00000)
  from space 10752K, 78% used [0x0000000772b00000,0x0000000773330e28,0x0000000773580000)
  to   space 8704K, 0% used [0x000000077b380000,0x000000077b380000,0x000000077bc00000)
 ParOldGen       total 175104K, used 48K [0x00000006c0000000, 0x00000006cab00000, 0x000000076ab00000)
  object space 175104K, 0% used [0x00000006c0000000,0x00000006c000c000,0x00000006cab00000)
 Metaspace       used 20348K, capacity 21074K, committed 21248K, reserved 1067008K
  class space    used 2761K, capacity 2955K, committed 3072K, reserved 1048576K
Event: 3.076 GC heap after
Heap after GC invocations=6 (full 1):
 PSYoungGen      total 141824K, used 0K [0x000000076ab00000, 0x000000077bc00000, 0x00000007c0000000)
  eden space 131072K, 0% used [0x000000076ab00000,0x000000076ab00000,0x0000000772b00000)
  from space 10752K, 0% used [0x0000000772b00000,0x0000000772b00000,0x0000000773580000)
  to   space 8704K, 0% used [0x000000077b380000,0x000000077b380000,0x000000077bc00000)
 ParOldGen       total 77824K, used 8167K [0x00000006c0000000, 0x00000006c4c00000, 0x000000076ab00000)
  object space 77824K, 10% used [0x00000006c0000000,0x00000006c07f9d08,0x00000006c4c00000)
 Metaspace       used 20348K, capacity 21074K, committed 21248K, reserved 1067008K
  class space    used 2761K, capacity 2955K, committed 3072K, reserved 1048576K
}
Event: 17.740 GC heap before
{Heap before GC invocations=7 (full 1):
 PSYoungGen      total 141824K, used 131072K [0x000000076ab00000, 0x000000077bc00000, 0x00000007c0000000)
  eden space 131072K, 100% used [0x000000076ab00000,0x0000000772b00000,0x0000000772b00000)
  from space 10752K, 0% used [0x0000000772b00000,0x0000000772b00000,0x0000000773580000)
  to   space 8704K, 0% used [0x000000077b380000,0x000000077b380000,0x000000077bc00000)
 ParOldGen       total 77824K, used 8167K [0x00000006c0000000, 0x00000006c4c00000, 0x000000076ab00000)
  object space 77824K, 10% used [0x00000006c0000000,0x00000006c07f9d08,0x00000006c4c00000)
 Metaspace       used 25878K, capacity 26896K, committed 27008K, reserved 1073152K
  class space    used 3379K, capacity 3646K, committed 3712K, reserved 1048576K
Event: 17.752 GC heap after
Heap after GC invocations=7 (full 1):
 PSYoungGen      total 255488K, used 8692K [0x000000076ab00000, 0x000000077d100000, 0x00000007c0000000)
  eden space 246784K, 0% used [0x000000076ab00000,0x000000076ab00000,0x0000000779c00000)
  from space 8704K, 99% used [0x000000077b380000,0x000000077bbfd180,0x000000077bc00000)
  to   space 24064K, 0% used [0x0000000779c00000,0x0000000779c00000,0x000000077b380000)
 ParOldGen       total 77824K, used 34340K [0x00000006c0000000, 0x00000006c4c00000, 0x000000076ab00000)
  object space 77824K, 44% used [0x00000006c0000000,0x00000006c2189328,0x00000006c4c00000)
 Metaspace       used 25878K, capacity 26896K, committed 27008K, reserved 1073152K
  class space    used 3379K, capacity 3646K, committed 3712K, reserved 1048576K
}
Event: 22.458 GC heap before
{Heap before GC invocations=8 (full 1):
 PSYoungGen      total 255488K, used 255476K [0x000000076ab00000, 0x000000077d100000, 0x00000007c0000000)
  eden space 246784K, 100% used [0x000000076ab00000,0x0000000779c00000,0x0000000779c00000)
  from space 8704K, 99% used [0x000000077b380000,0x000000077bbfd180,0x000000077bc00000)
  to   space 24064K, 0% used [0x0000000779c00000,0x0000000779c00000,0x000000077b380000)
 ParOldGen       total 77824K, used 34344K [0x00000006c0000000, 0x00000006c4c00000, 0x000000076ab00000)
  object space 77824K, 44% used [0x00000006c0000000,0x00000006c218a338,0x00000006c4c00000)
 Metaspace       used 26730K, capacity 27868K, committed 28032K, reserved 1073152K
  class space    used 3422K, capacity 3684K, committed 3712K, reserved 1048576K
Event: 22.475 GC heap after
Heap after GC invocations=8 (full 1):
 PSYoungGen      total 270848K, used 24048K [0x000000076ab00000, 0x000000078c780000, 0x00000007c0000000)
  eden space 246784K, 0% used [0x000000076ab00000,0x000000076ab00000,0x0000000779c00000)
  from space 24064K, 99% used [0x0000000779c00000,0x000000077b37c238,0x000000077b380000)
  to   space 41472K, 0% used [0x0000000789f00000,0x0000000789f00000,0x000000078c780000)
 ParOldGen       total 77824K, used 59826K [0x00000006c0000000, 0x00000006c4c00000, 0x000000076ab00000)
  object space 77824K, 76% used [0x00000006c0000000,0x00000006c3a6caa8,0x00000006c4c00000)
 Metaspace       used 26730K, capacity 27868K, committed 28032K, reserved 1073152K
  class space    used 3422K, capacity 3684K, committed 3712K, reserved 1048576K
}
Event: 22.475 GC heap before
{Heap before GC invocations=9 (full 2):
 PSYoungGen      total 270848K, used 24048K [0x000000076ab00000, 0x000000078c780000, 0x00000007c0000000)
  eden space 246784K, 0% used [0x000000076ab00000,0x000000076ab00000,0x0000000779c00000)
  from space 24064K, 99% used [0x0000000779c00000,0x000000077b37c238,0x000000077b380000)
  to   space 41472K, 0% used [0x0000000789f00000,0x0000000789f00000,0x000000078c780000)
 ParOldGen       total 77824K, used 59826K [0x00000006c0000000, 0x00000006c4c00000, 0x000000076ab00000)
  object space 77824K, 76% used [0x00000006c0000000,0x00000006c3a6caa8,0x00000006c4c00000)
 Metaspace       used 26730K, capacity 27868K, committed 28032K, reserved 1073152K
  class space    used 3422K, capacity 3684K, committed 3712K, reserved 1048576K
Event: 22.517 GC heap after
Heap after GC invocations=9 (full 2):
 PSYoungGen      total 270848K, used 0K [0x000000076ab00000, 0x000000078c780000, 0x00000007c0000000)
  eden space 246784K, 0% used [0x000000076ab00000,0x000000076ab00000,0x0000000779c00000)
  from space 24064K, 0% used [0x0000000779c00000,0x0000000779c00000,0x000000077b380000)
  to   space 41472K, 0% used [0x0000000789f00000,0x0000000789f00000,0x000000078c780000)
 ParOldGen       total 146432K, used 48245K [0x00000006c0000000, 0x00000006c8f00000, 0x000000076ab00000)
  object space 146432K, 32% used [0x00000006c0000000,0x00000006c2f1d7a0,0x00000006c8f00000)
 Metaspace       used 26726K, capacity 27862K, committed 28032K, reserved 1073152K
  class space    used 3422K, capacity 3683K, committed 3712K, reserved 1048576K
}

