# JRE version: Java(TM) SE Runtime Environment (8.0_161-b12) (build 1.8.0_161-b12)
# Java VM: Java HotSpot(TM) 64-Bit Server VM (25.161-b12 mixed mode bsd-amd64 compressed oops)
Heap:
 PSYoungGen      total 636416K, used 73810K [0x000000076ab00000, 0x0000000794d00000, 0x00000007c0000000)
  eden space 613376K, 8% used [0x000000076ab00000,0x000000076dd33540,0x0000000790200000)
  from space 23040K, 97% used [0x0000000793680000,0x0000000794c614a0,0x0000000794d00000)
  to   space 38400K, 0% used [0x0000000790200000,0x0000000790200000,0x0000000792780000)
 ParOldGen       total 81920K, used 52873K [0x00000006c0000000, 0x00000006c5000000, 0x000000076ab00000)
  object space 81920K, 64% used [0x00000006c0000000,0x00000006c33a25f8,0x00000006c5000000)
 Metaspace       used 29139K, capacity 30514K, committed 30848K, reserved 1077248K
  class space    used 3582K, capacity 3887K, committed 3968K, reserved 1048576K
GC Heap History (10 events):
Event: 657.449 GC heap before
{Heap before GC invocations=7 (full 1):
 PSYoungGen      total 141824K, used 131072K [0x000000076ab00000, 0x000000077bd00000, 0x00000007c0000000)
  eden space 131072K, 100% used [0x000000076ab00000,0x0000000772b00000,0x0000000772b00000)
  from space 10752K, 0% used [0x0000000772b00000,0x0000000772b00000,0x0000000773580000)
  to   space 9216K, 0% used [0x000000077b400000,0x000000077b400000,0x000000077bd00000)
 ParOldGen       total 81920K, used 8417K [0x00000006c0000000, 0x00000006c5000000, 0x000000076ab00000)
  object space 81920K, 10% used [0x00000006c0000000,0x00000006c0838430,0x00000006c5000000)
 Metaspace       used 25109K, capacity 26158K, committed 26368K, reserved 1073152K
  class space    used 3260K, capacity 3537K, committed 3584K, reserved 1048576K
Event: 657.457 GC heap after
Heap after GC invocations=7 (full 1):
 PSYoungGen      total 252928K, used 9213K [0x000000076ab00000, 0x000000077bd00000, 0x00000007c0000000)
  eden space 243712K, 0% used [0x000000076ab00000,0x000000076ab00000,0x0000000779900000)
  from space 9216K, 99% used [0x000000077b400000,0x000000077bcff540,0x000000077bd00000)
  to   space 14336K, 0% used [0x000000077a100000,0x000000077a100000,0x000000077af00000)
 ParOldGen       total 81920K, used 16045K [0x00000006c0000000, 0x00000006c5000000, 0x000000076ab00000)
  object space 81920K, 19% used [0x00000006c0000000,0x00000006c0fab5b8,0x00000006c5000000)
 Metaspace       used 25109K, capacity 26158K, committed 26368K, reserved 1073152K
  class space    used 3260K, capacity 3537K, committed 3584K, reserved 1048576K
}
Event: 676.088 GC heap before
{Heap before GC invocations=8 (full 1):
 PSYoungGen      total 252928K, used 252925K [0x000000076ab00000, 0x000000077bd00000, 0x00000007c0000000)
  eden space 243712K, 100% used [0x000000076ab00000,0x0000000779900000,0x0000000779900000)
  from space 9216K, 99% used [0x000000077b400000,0x000000077bcff540,0x000000077bd00000)
  to   space 14336K, 0% used [0x000000077a100000,0x000000077a100000,0x000000077af00000)
 ParOldGen       total 81920K, used 16045K [0x00000006c0000000, 0x00000006c5000000, 0x000000076ab00000)
  object space 81920K, 19% used [0x00000006c0000000,0x00000006c0fab5b8,0x00000006c5000000)
 Metaspace       used 26039K, capacity 27154K, committed 27392K, reserved 1073152K
  class space    used 3292K, capacity 3563K, committed 3584K, reserved 1048576K
Event: 676.103 GC heap after
Heap after GC invocations=8 (full 1):
 PSYoungGen      total 266240K, used 14332K [0x000000076ab00000, 0x0000000788880000, 0x00000007c0000000)
  eden space 251904K, 0% used [0x000000076ab00000,0x000000076ab00000,0x000000077a100000)
  from space 14336K, 99% used [0x000000077a100000,0x000000077aeff010,0x000000077af00000)
  to   space 22528K, 0% used [0x0000000787280000,0x0000000787280000,0x0000000788880000)
 ParOldGen       total 81920K, used 28347K [0x00000006c0000000, 0x00000006c5000000, 0x000000076ab00000)
  object space 81920K, 34% used [0x00000006c0000000,0x00000006c1baeec8,0x00000006c5000000)
 Metaspace       used 26039K, capacity 27154K, committed 27392K, reserved 1073152K
  class space    used 3292K, capacity 3563K, committed 3584K, reserved 1048576K
}
Event: 712.277 GC heap before
{Heap before GC invocations=9 (full 1):
 PSYoungGen      total 266240K, used 266236K [0x000000076ab00000, 0x0000000788880000, 0x00000007c0000000)
  eden space 251904K, 100% used [0x000000076ab00000,0x000000077a100000,0x000000077a100000)
  from space 14336K, 99% used [0x000000077a100000,0x000000077aeff010,0x000000077af00000)
  to   space 22528K, 0% used [0x0000000787280000,0x0000000787280000,0x0000000788880000)
 ParOldGen       total 81920K, used 28347K [0x00000006c0000000, 0x00000006c5000000, 0x000000076ab00000)
  object space 81920K, 34% used [0x00000006c0000000,0x00000006c1baeec8,0x00000006c5000000)
 Metaspace       used 27252K, capacity 28552K, committed 28672K, reserved 1075200K
  class space    used 3442K, capacity 3752K, committed 3840K, reserved 1048576K
Event: 712.292 GC heap after
Heap after GC invocations=9 (full 1):
 PSYoungGen      total 461312K, used 22525K [0x000000076ab00000, 0x0000000789580000, 0x00000007c0000000)
  eden space 438784K, 0% used [0x000000076ab00000,0x000000076ab00000,0x0000000785780000)
  from space 22528K, 99% used [0x0000000787280000,0x000000078887f4f0,0x0000000788880000)
  to   space 27648K, 0% used [0x0000000785780000,0x0000000785780000,0x0000000787280000)
 ParOldGen       total 81920K, used 31779K [0x00000006c0000000, 0x00000006c5000000, 0x000000076ab00000)
  object space 81920K, 38% used [0x00000006c0000000,0x00000006c1f08d80,0x00000006c5000000)
 Metaspace       used 27252K, capacity 28552K, committed 28672K, reserved 1075200K
  class space    used 3442K, capacity 3752K, committed 3840K, reserved 1048576K
}
Event: 767.279 GC heap before
{Heap before GC invocations=10 (full 1):
 PSYoungGen      total 461312K, used 461309K [0x000000076ab00000, 0x0000000789580000, 0x00000007c0000000)
  eden space 438784K, 100% used [0x000000076ab00000,0x0000000785780000,0x0000000785780000)
  from space 22528K, 99% used [0x0000000787280000,0x000000078887f4f0,0x0000000788880000)
  to   space 27648K, 0% used [0x0000000785780000,0x0000000785780000,0x0000000787280000)
 ParOldGen       total 81920K, used 31779K [0x00000006c0000000, 0x00000006c5000000, 0x000000076ab00000)
  object space 81920K, 38% used [0x00000006c0000000,0x00000006c1f08d80,0x00000006c5000000)
 Metaspace       used 28905K, capacity 30210K, committed 30336K, reserved 1075200K
  class space    used 3577K, capacity 3853K, committed 3968K, reserved 1048576K
Event: 767.300 GC heap after
Heap after GC invocations=10 (full 1):
 PSYoungGen      total 466432K, used 27636K [0x000000076ab00000, 0x0000000795c00000, 0x00000007c0000000)
  eden space 438784K, 0% used [0x000000076ab00000,0x000000076ab00000,0x0000000785780000)
  from space 27648K, 99% used [0x0000000785780000,0x000000078727d1a8,0x0000000787280000)
  to   space 38400K, 0% used [0x0000000793680000,0x0000000793680000,0x0000000795c00000)
 ParOldGen       total 81920K, used 47818K [0x00000006c0000000, 0x00000006c5000000, 0x000000076ab00000)
  object space 81920K, 58% used [0x00000006c0000000,0x00000006c2eb2b00,0x00000006c5000000)
 Metaspace       used 28905K, capacity 30210K, committed 30336K, reserved 1075200K
  class space    used 3577K, capacity 3853K, committed 3968K, reserved 1048576K
}
Event: 776.891 GC heap before
{Heap before GC invocations=11 (full 1):
 PSYoungGen      total 466432K, used 466420K [0x000000076ab00000, 0x0000000795c00000, 0x00000007c0000000)
  eden space 438784K, 100% used [0x000000076ab00000,0x0000000785780000,0x0000000785780000)
  from space 27648K, 99% used [0x0000000785780000,0x000000078727d1a8,0x0000000787280000)
  to   space 38400K, 0% used [0x0000000793680000,0x0000000793680000,0x0000000795c00000)
 ParOldGen       total 81920K, used 47818K [0x00000006c0000000, 0x00000006c5000000, 0x000000076ab00000)
  object space 81920K, 58% used [0x00000006c0000000,0x00000006c2eb2b00,0x00000006c5000000)
 Metaspace       used 29072K, capacity 30414K, committed 30592K, reserved 1075200K
  class space    used 3580K, capacity 3855K, committed 3968K, reserved 1048576K
Event: 776.905 GC heap after
Heap after GC invocations=11 (full 1):
 PSYoungGen      total 636416K, used 22405K [0x000000076ab00000, 0x0000000794d00000, 0x00000007c0000000)
  eden space 613376K, 0% used [0x000000076ab00000,0x000000076ab00000,0x0000000790200000)
  from space 23040K, 97% used [0x0000000793680000,0x0000000794c614a0,0x0000000794d00000)
  to   space 38400K, 0% used [0x0000000790200000,0x0000000790200000,0x0000000792780000)
 ParOldGen       total 81920K, used 52873K [0x00000006c0000000, 0x00000006c5000000, 0x000000076ab00000)
  object space 81920K, 64% used [0x00000006c0000000,0x00000006c33a25f8,0x00000006c5000000)
 Metaspace       used 29072K, capacity 30414K, committed 30592K, reserved 1075200K
  class space    used 3580K, capacity 3855K, committed 3968K, reserved 1048576K
}

