# JRE version: Java(TM) SE Runtime Environment (8.0_161-b12) (build 1.8.0_161-b12)
# Java VM: Java HotSpot(TM) 64-Bit Server VM (25.161-b12 mixed mode bsd-amd64 compressed oops)
Heap:
 PSYoungGen      total 125440K, used 27119K [0x000000076ab00000, 0x00000007a2a80000, 0x00000007c0000000)
  eden space 117760K, 16% used [0x000000076ab00000,0x000000076bdfe238,0x0000000771e00000)
  from space 7680K, 99% used [0x00000007a1f80000,0x00000007a26fdc20,0x00000007a2700000)
  to   space 3584K, 0% used [0x00000007a2700000,0x00000007a2700000,0x00000007a2a80000)
 ParOldGen       total 142848K, used 77822K [0x00000006c0000000, 0x00000006c8b80000, 0x000000076ab00000)
  object space 142848K, 54% used [0x00000006c0000000,0x00000006c4bff8f0,0x00000006c8b80000)
 Metaspace       used 28834K, capacity 30156K, committed 30464K, reserved 1075200K
  class space    used 3495K, capacity 3790K, committed 3840K, reserved 1048576K
GC Heap History (10 events):
Event: 381.956 GC heap before
{Heap before GC invocations=81 (full 2):
 PSYoungGen      total 137216K, used 136885K [0x000000076ab00000, 0x00000007a3380000, 0x00000007c0000000)
  eden space 135680K, 100% used [0x000000076ab00000,0x0000000772f80000,0x0000000772f80000)
  from space 1536K, 78% used [0x00000007a3200000,0x00000007a332d6b8,0x00000007a3380000)
  to   space 4608K, 0% used [0x00000007a2a80000,0x00000007a2a80000,0x00000007a2f00000)
 ParOldGen       total 142848K, used 61798K [0x00000006c0000000, 0x00000006c8b80000, 0x000000076ab00000)
  object space 142848K, 43% used [0x00000006c0000000,0x00000006c3c59bb0,0x00000006c8b80000)
 Metaspace       used 28789K, capacity 30150K, committed 30464K, reserved 1075200K
  class space    used 3495K, capacity 3789K, committed 3840K, reserved 1048576K
Event: 381.958 GC heap after
Heap after GC invocations=81 (full 2):
 PSYoungGen      total 132608K, used 819K [0x000000076ab00000, 0x00000007a3280000, 0x00000007c0000000)
  eden space 131584K, 0% used [0x000000076ab00000,0x000000076ab00000,0x0000000772b80000)
  from space 1024K, 80% used [0x00000007a2a80000,0x00000007a2b4cf70,0x00000007a2b80000)
  to   space 4608K, 0% used [0x00000007a2e00000,0x00000007a2e00000,0x00000007a3280000)
 ParOldGen       total 142848K, used 62111K [0x00000006c0000000, 0x00000006c8b80000, 0x000000076ab00000)
  object space 142848K, 43% used [0x00000006c0000000,0x00000006c3ca7ff8,0x00000006c8b80000)
 Metaspace       used 28789K, capacity 30150K, committed 30464K, reserved 1075200K
  class space    used 3495K, capacity 3789K, committed 3840K, reserved 1048576K
}
Event: 382.807 GC heap before
{Heap before GC invocations=82 (full 2):
 PSYoungGen      total 132608K, used 132403K [0x000000076ab00000, 0x00000007a3280000, 0x00000007c0000000)
  eden space 131584K, 100% used [0x000000076ab00000,0x0000000772b80000,0x0000000772b80000)
  from space 1024K, 80% used [0x00000007a2a80000,0x00000007a2b4cf70,0x00000007a2b80000)
  to   space 4608K, 0% used [0x00000007a2e00000,0x00000007a2e00000,0x00000007a3280000)
 ParOldGen       total 142848K, used 62111K [0x00000006c0000000, 0x00000006c8b80000, 0x000000076ab00000)
  object space 142848K, 43% used [0x00000006c0000000,0x00000006c3ca7ff8,0x00000006c8b80000)
 Metaspace       used 28789K, capacity 30150K, committed 30464K, reserved 1075200K
  class space    used 3495K, capacity 3789K, committed 3840K, reserved 1048576K
Event: 382.809 GC heap after
Heap after GC invocations=82 (full 2):
 PSYoungGen      total 129024K, used 740K [0x000000076ab00000, 0x00000007a2f00000, 0x00000007c0000000)
  eden space 128000K, 0% used [0x000000076ab00000,0x000000076ab00000,0x0000000772800000)
  from space 1024K, 72% used [0x00000007a2e00000,0x00000007a2eb93e0,0x00000007a2f00000)
  to   space 4608K, 0% used [0x00000007a2600000,0x00000007a2600000,0x00000007a2a80000)
 ParOldGen       total 142848K, used 62111K [0x00000006c0000000, 0x00000006c8b80000, 0x000000076ab00000)
  object space 142848K, 43% used [0x00000006c0000000,0x00000006c3ca7ff8,0x00000006c8b80000)
 Metaspace       used 28789K, capacity 30150K, committed 30464K, reserved 1075200K
  class space    used 3495K, capacity 3789K, committed 3840K, reserved 1048576K
}
Event: 384.950 GC heap before
{Heap before GC invocations=83 (full 2):
 PSYoungGen      total 129024K, used 128740K [0x000000076ab00000, 0x00000007a2f00000, 0x00000007c0000000)
  eden space 128000K, 100% used [0x000000076ab00000,0x0000000772800000,0x0000000772800000)
  from space 1024K, 72% used [0x00000007a2e00000,0x00000007a2eb93e0,0x00000007a2f00000)
  to   space 4608K, 0% used [0x00000007a2600000,0x00000007a2600000,0x00000007a2a80000)
 ParOldGen       total 142848K, used 62111K [0x00000006c0000000, 0x00000006c8b80000, 0x000000076ab00000)
  object space 142848K, 43% used [0x00000006c0000000,0x00000006c3ca7ff8,0x00000006c8b80000)
 Metaspace       used 28794K, capacity 30150K, committed 30464K, reserved 1075200K
  class space    used 3495K, capacity 3789K, committed 3840K, reserved 1048576K
Event: 384.953 GC heap after
Heap after GC invocations=83 (full 2):
 PSYoungGen      total 127488K, used 2730K [0x000000076ab00000, 0x00000007a2e80000, 0x00000007c0000000)
  eden space 124416K, 0% used [0x000000076ab00000,0x000000076ab00000,0x0000000772480000)
  from space 3072K, 88% used [0x00000007a2600000,0x00000007a28aa940,0x00000007a2900000)
  to   space 4608K, 0% used [0x00000007a2a00000,0x00000007a2a00000,0x00000007a2e80000)
 ParOldGen       total 142848K, used 62135K [0x00000006c0000000, 0x00000006c8b80000, 0x000000076ab00000)
  object space 142848K, 43% used [0x00000006c0000000,0x00000006c3cadff8,0x00000006c8b80000)
 Metaspace       used 28794K, capacity 30150K, committed 30464K, reserved 1075200K
  class space    used 3495K, capacity 3789K, committed 3840K, reserved 1048576K
}
Event: 394.342 GC heap before
{Heap before GC invocations=84 (full 2):
 PSYoungGen      total 127488K, used 120578K [0x000000076ab00000, 0x00000007a2e80000, 0x00000007c0000000)
  eden space 124416K, 94% used [0x000000076ab00000,0x0000000771e16130,0x0000000772480000)
  from space 3072K, 88% used [0x00000007a2600000,0x00000007a28aa940,0x00000007a2900000)
  to   space 4608K, 0% used [0x00000007a2a00000,0x00000007a2a00000,0x00000007a2e80000)
 ParOldGen       total 142848K, used 62135K [0x00000006c0000000, 0x00000006c8b80000, 0x000000076ab00000)
  object space 142848K, 43% used [0x00000006c0000000,0x00000006c3cadff8,0x00000006c8b80000)
 Metaspace       used 28808K, capacity 30150K, committed 30464K, reserved 1075200K
  class space    used 3495K, capacity 3789K, committed 3840K, reserved 1048576K
Event: 394.348 GC heap after
Heap after GC invocations=84 (full 2):
 PSYoungGen      total 125440K, used 4604K [0x000000076ab00000, 0x00000007a2e80000, 0x00000007c0000000)
  eden space 120832K, 0% used [0x000000076ab00000,0x000000076ab00000,0x0000000772100000)
  from space 4608K, 99% used [0x00000007a2a00000,0x00000007a2e7f280,0x00000007a2e80000)
  to   space 7680K, 0% used [0x00000007a1f80000,0x00000007a1f80000,0x00000007a2700000)
 ParOldGen       total 142848K, used 68366K [0x00000006c0000000, 0x00000006c8b80000, 0x000000076ab00000)
  object space 142848K, 47% used [0x00000006c0000000,0x00000006c42c3b78,0x00000006c8b80000)
 Metaspace       used 28808K, capacity 30150K, committed 30464K, reserved 1075200K
  class space    used 3495K, capacity 3789K, committed 3840K, reserved 1048576K
}
Event: 400.764 GC heap before
{Heap before GC invocations=85 (full 2):
 PSYoungGen      total 125440K, used 125009K [0x000000076ab00000, 0x00000007a2e80000, 0x00000007c0000000)
  eden space 120832K, 99% used [0x000000076ab00000,0x00000007720951d8,0x0000000772100000)
  from space 4608K, 99% used [0x00000007a2a00000,0x00000007a2e7f280,0x00000007a2e80000)
  to   space 7680K, 0% used [0x00000007a1f80000,0x00000007a1f80000,0x00000007a2700000)
 ParOldGen       total 142848K, used 68366K [0x00000006c0000000, 0x00000006c8b80000, 0x000000076ab00000)
  object space 142848K, 47% used [0x00000006c0000000,0x00000006c42c3b78,0x00000006c8b80000)
 Metaspace       used 28834K, capacity 30156K, committed 30464K, reserved 1075200K
  class space    used 3495K, capacity 3790K, committed 3840K, reserved 1048576K
Event: 400.772 GC heap after
Heap after GC invocations=85 (full 2):
 PSYoungGen      total 125440K, used 7671K [0x000000076ab00000, 0x00000007a2a80000, 0x00000007c0000000)
  eden space 117760K, 0% used [0x000000076ab00000,0x000000076ab00000,0x0000000771e00000)
  from space 7680K, 99% used [0x00000007a1f80000,0x00000007a26fdc20,0x00000007a2700000)
  to   space 3584K, 0% used [0x00000007a2700000,0x00000007a2700000,0x00000007a2a80000)
 ParOldGen       total 142848K, used 77822K [0x00000006c0000000, 0x00000006c8b80000, 0x000000076ab00000)
  object space 142848K, 54% used [0x00000006c0000000,0x00000006c4bff8f0,0x00000006c8b80000)
 Metaspace       used 28834K, capacity 30156K, committed 30464K, reserved 1075200K
  class space    used 3495K, capacity 3790K, committed 3840K, reserved 1048576K
}

